
--- 2023-11-22T10:31:00.690Z debug
🐛 Writing logs to ".wrangler/logs/wrangler-2023-11-22_10-31-00_520.log"
---

--- 2023-11-22T10:31:00.690Z debug
Failed to load .env file ".env": Error: ENOENT: no such file or directory, open '.env'
    at Object.openSync (node:fs:603:3)
    at Object.readFileSync (node:fs:471:35)
    at tryLoadDotEnv (/media/data/code/my-next-app/node_modules/wrangler/wrangler-dist/cli.js:122671:72)
    at loadDotEnv (/media/data/code/my-next-app/node_modules/wrangler/wrangler-dist/cli.js:122680:12)
    at /media/data/code/my-next-app/node_modules/wrangler/wrangler-dist/cli.js:146614:20
    at /media/data/code/my-next-app/node_modules/wrangler/wrangler-dist/cli.js:130116:16
    at maybeAsyncResult (/media/data/code/my-next-app/node_modules/wrangler/wrangler-dist/cli.js:128337:44)
    at /media/data/code/my-next-app/node_modules/wrangler/wrangler-dist/cli.js:130115:14
    at /media/data/code/my-next-app/node_modules/wrangler/wrangler-dist/cli.js:128324:22
    at Array.reduce (<anonymous>) {
  errno: -2,
  syscall: 'open',
  code: 'ENOENT',
  path: '.env'
}
---

--- 2023-11-22T10:31:00.692Z log
No functions. Shimming...
---

--- 2023-11-22T10:31:01.378Z log
 ⛅️ wrangler 3.17.0
[93m-------------------[39m
---

--- 2023-11-22T10:31:01.454Z warn
[33m▲ [43;33m[[43;30mWARNING[43;33m][0m [1m--local is no longer required and will be removed in a future version.[0m

  `wrangler dev` now uses the local Cloudflare Workers runtime by default. 🎉


---

--- 2023-11-22T10:31:01.474Z debug
Metrics dispatcher: Dispatching disabled - would have sent {"type":"event","name":"run dev","properties":{"local":true,"usesTypeScript":true}}.
---

--- 2023-11-22T10:31:01.475Z debug
Failed to load .env file "/media/data/code/my-next-app/.dev.vars": Error: ENOENT: no such file or directory, open '/media/data/code/my-next-app/.dev.vars'
    at Object.openSync (node:fs:603:3)
    at Object.readFileSync (node:fs:471:35)
    at tryLoadDotEnv (/media/data/code/my-next-app/node_modules/wrangler/wrangler-dist/cli.js:122671:72)
    at loadDotEnv (/media/data/code/my-next-app/node_modules/wrangler/wrangler-dist/cli.js:122680:12)
    at getVarsForDev (/media/data/code/my-next-app/node_modules/wrangler/wrangler-dist/cli.js:150297:18)
    at getBindings (/media/data/code/my-next-app/node_modules/wrangler/wrangler-dist/cli.js:151219:10)
    at getBindingsAndAssetPaths (/media/data/code/my-next-app/node_modules/wrangler/wrangler-dist/cli.js:151176:20)
    at getDevReactElement (/media/data/code/my-next-app/node_modules/wrangler/wrangler-dist/cli.js:150840:40)
    at startDev (/media/data/code/my-next-app/node_modules/wrangler/wrangler-dist/cli.js:150903:60)
    at process.processTicksAndRejections (node:internal/process/task_queues:95:5) {
  errno: -2,
  syscall: 'open',
  code: 'ENOENT',
  path: '/media/data/code/my-next-app/.dev.vars'
}
---

--- 2023-11-22T10:31:01.523Z log
[2m⎔ Starting local server...[22m
---

--- 2023-11-22T10:31:01.750Z debug
Checking if domain has Access enabled: dash.cloudflare.com
---

--- 2023-11-22T10:31:01.750Z debug
Access switch not cached for: dash.cloudflare.com
---

--- 2023-11-22T10:31:01.819Z debug
Caching access switch for: dash.cloudflare.com
---

--- 2023-11-22T10:31:02.392Z debug
-- START CF API REQUEST: GET https://api.cloudflare.com/client/v4/user
---

--- 2023-11-22T10:31:02.393Z debug
HEADERS: omitted; set WRANGLER_LOG_SANITIZE=false to include sanitized data
---

--- 2023-11-22T10:31:02.393Z debug
INIT: omitted; set WRANGLER_LOG_SANITIZE=false to include sanitized data
---

--- 2023-11-22T10:31:02.393Z debug
-- END CF API REQUEST
---

--- 2023-11-22T10:31:03.257Z debug
-- START CF API RESPONSE: OK 200
---

--- 2023-11-22T10:31:03.257Z debug
HEADERS: omitted; set WRANGLER_LOG_SANITIZE=false to include sanitized data
---

--- 2023-11-22T10:31:03.257Z debug
RESPONSE: omitted; set WRANGLER_LOG_SANITIZE=false to include sanitized data
---

--- 2023-11-22T10:31:03.257Z debug
-- END CF API RESPONSE
---

--- 2023-11-22T10:31:03.258Z debug
Saving to cache: {"userId":"17ffa16fb71fa01a515031c8d334b630"}
---

--- 2023-11-22T10:31:03.258Z debug
Metrics dispatcher: Dispatching disabled - would have sent {"type":"event","name":"run pages dev","properties":{}}.
---
